<?xml version="1.0" encoding="UTF-8"?>
<!-- Generated by org.testng.reporters.JUnitReportReporter -->
<testsuite hostname="DESKTOP-2RQI160" failures="0" tests="1" name="com.testNGFrameWork.LogInTestCase" time="15.992" errors="0" timestamp="2022-08-03T13:35:59 IST" skipped="0">
  <testcase classname="com.testNGFrameWork.LogInTestCase" name="hrmlogin" time="15.992"/>
  <system-out/>
</testsuite> <!-- com.testNGFrameWork.LogInTestCase -->
